d:\my project\my project\x64\debug\vc143.pdb
d:\my project\my project\x64\debug\vc143.idb
d:\my project\my project\x64\debug\texturemanager.obj
d:\my project\my project\x64\debug\player.obj
d:\my project\my project\x64\debug\mainmenu.obj
d:\my project\my project\x64\debug\main.obj
d:\my project\my project\x64\debug\gameovermenu.obj
d:\my project\my project\x64\debug\game.obj
d:\my project\my project\x64\debug\enermy.obj
d:\my project\my project\x64\debug\audiomanager.obj
d:\my project\my project\x64\debug\settingmenu.obj
d:\my project\x64\debug\my project.exe
d:\my project\x64\debug\my project.pdb
d:\my project\my project\x64\debug\my project.ilk
d:\my project\my project\x64\debug\my project.tlog\cl.command.1.tlog
d:\my project\my project\x64\debug\my project.tlog\cl.items.tlog
d:\my project\my project\x64\debug\my project.tlog\cl.read.1.tlog
d:\my project\my project\x64\debug\my project.tlog\cl.write.1.tlog
d:\my project\my project\x64\debug\my project.tlog\link.command.1.tlog
d:\my project\my project\x64\debug\my project.tlog\link.read.1.tlog
d:\my project\my project\x64\debug\my project.tlog\link.secondary.1.tlog
d:\my project\my project\x64\debug\my project.tlog\link.write.1.tlog
